<?xml version="1.0" encoding="UTF-8"?>
<!-- Generated by org.testng.reporters.JUnitReportReporter -->
<testsuite skipped="0" hostname="BAZYLKOT7" name="OrderCorrection.OrderCorrection_PostTests" tests="12" failures="0" timestamp="14 Feb 2018 15:31:56 GMT" time="9.055" errors="0">
  <testcase name="qocWrongFieldForCorrection" time="0.683" classname="OrderCorrection.OrderCorrection_PostTests"/>
  <testcase name="qocExpPostTest" time="1.411" classname="OrderCorrection.OrderCorrection_PostTests"/>
  <testcase name="qocPostTestNegative" time="0.674" classname="OrderCorrection.OrderCorrection_PostTests"/>
  <testcase name="qocWrongFieldForCorrection" time="0.672" classname="OrderCorrection.OrderCorrection_PostTests"/>
  <testcase name="qocShipAfterPostTest" time="0.693" classname="OrderCorrection.OrderCorrection_PostTests"/>
  <testcase name="qocWrongFieldForCorrection" time="0.690" classname="OrderCorrection.OrderCorrection_PostTests"/>
  <testcase name="qocEmptyPostTest" time="0.770" classname="OrderCorrection.OrderCorrection_PostTests"/>
  <testcase name="qocWrongFieldForCorrection" time="0.690" classname="OrderCorrection.OrderCorrection_PostTests"/>
  <testcase name="qocWrongFieldForCorrection" time="0.700" classname="OrderCorrection.OrderCorrection_PostTests"/>
  <testcase name="qocHoldPostTest" time="0.710" classname="OrderCorrection.OrderCorrection_PostTests"/>
  <testcase name="qocWrongFieldForCorrection" time="0.681" classname="OrderCorrection.OrderCorrection_PostTests"/>
  <testcase name="qocWrongFieldForCorrection" time="0.681" classname="OrderCorrection.OrderCorrection_PostTests"/>
</testsuite> <!-- OrderCorrection.OrderCorrection_PostTests -->
