<?xml version="1.0" encoding="UTF-8"?>
<!-- Generated by org.testng.reporters.JUnitReportReporter -->
<testsuite skipped="0" hostname="BAZYLKOT7" name="OrderCorrection.Test_OrderCorrection_Delete" tests="3" failures="0" timestamp="14 Feb 2018 15:31:56 GMT" time="2.015" errors="0">
  <testcase name="qocDeleteNegativeNUM" time="0.677" classname="OrderCorrection.Test_OrderCorrection_Delete"/>
  <testcase name="qocDeleteNegative" time="0.658" classname="OrderCorrection.Test_OrderCorrection_Delete"/>
  <testcase name="qocDeletePositive_test" time="0.680" classname="OrderCorrection.Test_OrderCorrection_Delete"/>
</testsuite> <!-- OrderCorrection.Test_OrderCorrection_Delete -->
