<?xml version="1.0" encoding="UTF-8"?>
<!-- Generated by org.testng.reporters.JUnitReportReporter -->
<testsuite skipped="0" hostname="BAZYLKOT7" name="OrderCorrection.DBConnectionTest" tests="1" failures="0" timestamp="14 Feb 2018 15:31:56 GMT" time="7.119" errors="0">
  <testcase name="testDB" time="7.119" classname="OrderCorrection.DBConnectionTest"/>
</testsuite> <!-- OrderCorrection.DBConnectionTest -->
