<?xml version="1.0" encoding="UTF-8"?>
<!-- Generated by org.testng.reporters.JUnitReportReporter -->
<testsuite skipped="0" hostname="BAZYLKOT7" name="OrderCorrection.OrderCorrection_GetTests" tests="3" failures="0" timestamp="14 Feb 2018 15:31:56 GMT" time="4.412" errors="0">
  <testcase name="testStatusCode" time="0.770" classname="OrderCorrection.OrderCorrection_GetTests"/>
  <testcase name="qocGetReq_OrderHeaderId" time="2.976" classname="OrderCorrection.OrderCorrection_GetTests"/>
  <testcase name="qocGetReq_sourceSystemOrderNumber" time="0.666" classname="OrderCorrection.OrderCorrection_GetTests"/>
</testsuite> <!-- OrderCorrection.OrderCorrection_GetTests -->
